[0.444s] DEBUG:colcon:Command line arguments: ['/usr/bin/colcon', 'build', '--symlink-install']
[0.444s] DEBUG:colcon:Parsed command line arguments: Namespace(log_base=None, log_level=None, verb_name='build', build_base='build', install_base='install', merge_install=False, symlink_install=True, test_result_base=None, continue_on_error=False, executor='parallel', parallel_workers=3, event_handlers=None, ignore_user_meta=False, metas=['./colcon.meta'], base_paths=['.'], packages_ignore=None, packages_ignore_regex=None, paths=None, packages_up_to=None, packages_up_to_regex=None, packages_above=None, packages_above_and_dependencies=None, packages_above_depth=None, packages_select_by_dep=None, packages_skip_by_dep=None, packages_skip_up_to=None, packages_select_build_failed=False, packages_skip_build_finished=False, packages_select_test_failures=False, packages_skip_test_passed=False, packages_select=None, packages_skip=None, packages_select_regex=None, packages_skip_regex=None, packages_start=None, packages_end=None, allow_overriding=[], cmake_args=None, cmake_target=None, cmake_target_skip_unavailable=False, cmake_clean_cache=False, cmake_clean_first=False, cmake_force_configure=False, ament_cmake_args=None, catkin_cmake_args=None, catkin_skip_building_tests=False, verb_parser=<colcon_defaults.argument_parser.defaults.DefaultArgumentsDecorator object at 0xffff8863edd0>, verb_extension=<colcon_core.verb.build.BuildVerb object at 0xffff88978370>, main=<bound method BuildVerb.main of <colcon_core.verb.build.BuildVerb object at 0xffff88978370>>)
[0.464s] Level 1:colcon.colcon_core.package_discovery:discover_packages(colcon_meta) check parameters
[0.464s] Level 1:colcon.colcon_core.package_discovery:discover_packages(recursive) check parameters
[0.464s] Level 1:colcon.colcon_core.package_discovery:discover_packages(ignore) check parameters
[0.464s] Level 1:colcon.colcon_core.package_discovery:discover_packages(path) check parameters
[0.464s] Level 1:colcon.colcon_core.package_discovery:discover_packages(colcon_meta) discover
[0.464s] Level 1:colcon.colcon_core.package_discovery:discover_packages(recursive) discover
[0.464s] INFO:colcon.colcon_core.package_discovery:Crawling recursively for packages in '/home/ubuntu/robotws/src/finalproject'
[0.464s] Level 1:colcon.colcon_core.package_identification:_identify(.) by extensions ['ignore', 'ignore_ament_install']
[0.464s] Level 1:colcon.colcon_core.package_identification:_identify(.) by extension 'ignore'
[0.464s] Level 1:colcon.colcon_core.package_identification:_identify(.) by extension 'ignore_ament_install'
[0.464s] Level 1:colcon.colcon_core.package_identification:_identify(.) by extensions ['colcon_pkg']
[0.464s] Level 1:colcon.colcon_core.package_identification:_identify(.) by extension 'colcon_pkg'
[0.464s] Level 1:colcon.colcon_core.package_identification:_identify(.) by extensions ['colcon_meta']
[0.464s] Level 1:colcon.colcon_core.package_identification:_identify(.) by extension 'colcon_meta'
[0.464s] Level 1:colcon.colcon_core.package_identification:_identify(.) by extensions ['ros']
[0.464s] Level 1:colcon.colcon_core.package_identification:_identify(.) by extension 'ros'
[0.471s] DEBUG:colcon.colcon_core.package_identification:Package '.' with type 'ros.ament_python' and name 'finalproject'
[0.471s] Level 1:colcon.colcon_core.package_discovery:discover_packages(recursive) using defaults
[0.471s] Level 1:colcon.colcon_core.package_discovery:discover_packages(ignore) discover
[0.471s] Level 1:colcon.colcon_core.package_discovery:discover_packages(ignore) using defaults
[0.471s] Level 1:colcon.colcon_core.package_discovery:discover_packages(path) discover
[0.471s] Level 1:colcon.colcon_core.package_discovery:discover_packages(path) using defaults
[0.510s] Level 1:colcon.colcon_core.package_discovery:discover_packages(prefix_path) check parameters
[0.510s] Level 1:colcon.colcon_core.package_discovery:discover_packages(prefix_path) discover
[0.527s] DEBUG:colcon.colcon_installed_package_information.package_discovery:Found 6 installed packages in /home/ubuntu/robotws/install
[0.534s] DEBUG:colcon.colcon_installed_package_information.package_discovery:Found 372 installed packages in /opt/ros/humble
[0.535s] Level 1:colcon.colcon_core.package_discovery:discover_packages(prefix_path) using defaults
[0.581s] Level 5:colcon.colcon_core.verb:set package 'finalproject' build argument 'cmake_args' from command line to 'None'
[0.581s] Level 5:colcon.colcon_core.verb:set package 'finalproject' build argument 'cmake_target' from command line to 'None'
[0.581s] Level 5:colcon.colcon_core.verb:set package 'finalproject' build argument 'cmake_target_skip_unavailable' from command line to 'False'
[0.581s] Level 5:colcon.colcon_core.verb:set package 'finalproject' build argument 'cmake_clean_cache' from command line to 'False'
[0.581s] Level 5:colcon.colcon_core.verb:set package 'finalproject' build argument 'cmake_clean_first' from command line to 'False'
[0.581s] Level 5:colcon.colcon_core.verb:set package 'finalproject' build argument 'cmake_force_configure' from command line to 'False'
[0.581s] Level 5:colcon.colcon_core.verb:set package 'finalproject' build argument 'ament_cmake_args' from command line to 'None'
[0.581s] Level 5:colcon.colcon_core.verb:set package 'finalproject' build argument 'catkin_cmake_args' from command line to 'None'
[0.581s] Level 5:colcon.colcon_core.verb:set package 'finalproject' build argument 'catkin_skip_building_tests' from command line to 'False'
[0.581s] DEBUG:colcon.colcon_core.verb:Building package 'finalproject' with the following arguments: {'ament_cmake_args': None, 'build_base': '/home/ubuntu/robotws/src/finalproject/build/finalproject', 'catkin_cmake_args': None, 'catkin_skip_building_tests': False, 'cmake_args': None, 'cmake_clean_cache': False, 'cmake_clean_first': False, 'cmake_force_configure': False, 'cmake_target': None, 'cmake_target_skip_unavailable': False, 'install_base': '/home/ubuntu/robotws/src/finalproject/install/finalproject', 'merge_install': False, 'path': '/home/ubuntu/robotws/src/finalproject', 'symlink_install': True, 'test_result_base': None}
[0.587s] INFO:colcon.colcon_core.executor:Executing jobs using 'parallel' executor
[0.593s] DEBUG:colcon.colcon_parallel_executor.executor.parallel:run_until_complete
[0.593s] INFO:colcon.colcon_ros.task.ament_python.build:Building ROS package in '/home/ubuntu/robotws/src/finalproject' with build type 'ament_python'
[0.593s] Level 1:colcon.colcon_core.shell:create_environment_hook('finalproject', 'ament_prefix_path')
[0.600s] INFO:colcon.colcon_core.plugin_system:Skipping extension 'colcon_core.shell.bat': Not used on non-Windows systems
[0.600s] INFO:colcon.colcon_core.shell:Creating environment hook '/home/ubuntu/robotws/src/finalproject/install/finalproject/share/finalproject/hook/ament_prefix_path.ps1'
[0.600s] INFO:colcon.colcon_core.shell:Creating environment descriptor '/home/ubuntu/robotws/src/finalproject/install/finalproject/share/finalproject/hook/ament_prefix_path.dsv'
[0.601s] INFO:colcon.colcon_core.shell:Creating environment hook '/home/ubuntu/robotws/src/finalproject/install/finalproject/share/finalproject/hook/ament_prefix_path.sh'
[0.608s] INFO:colcon.colcon_core.shell:Skip shell extension 'powershell' for command environment: Not usable outside of PowerShell
[0.608s] DEBUG:colcon.colcon_core.shell:Skip shell extension 'dsv' for command environment
[0.766s] INFO:colcon.colcon_core.task.python.build:Building Python package in '/home/ubuntu/robotws/src/finalproject'
[0.773s] INFO:colcon.colcon_core.shell:Skip shell extension 'powershell' for command environment: Not usable outside of PowerShell
[0.773s] DEBUG:colcon.colcon_core.shell:Skip shell extension 'dsv' for command environment
[0.976s] DEBUG:colcon.colcon_core.event_handler.log_command:Invoking command in '/home/ubuntu/robotws/src/finalproject/build/finalproject': PYTHONPATH=/home/ubuntu/robotws/src/finalproject/build/finalproject/prefix_override:/home/ubuntu/robotws/src/finalproject/install/finalproject/lib/python3.10/site-packages:${PYTHONPATH} /usr/bin/python3 setup.py develop --editable --build-directory /home/ubuntu/robotws/src/finalproject/build/finalproject/build --no-deps install_data
[1.205s] Level 1:colcon.colcon_core.shell:create_environment_hook('finalproject', 'pythonpath_develop')
[1.205s] DEBUG:colcon.colcon_core.event_handler.log_command:Invoked command in '/home/ubuntu/robotws/src/finalproject/build/finalproject' returned '0': PYTHONPATH=/home/ubuntu/robotws/src/finalproject/build/finalproject/prefix_override:/home/ubuntu/robotws/src/finalproject/install/finalproject/lib/python3.10/site-packages:${PYTHONPATH} /usr/bin/python3 setup.py develop --editable --build-directory /home/ubuntu/robotws/src/finalproject/build/finalproject/build --no-deps install_data
[1.212s] INFO:colcon.colcon_core.shell:Creating environment hook '/home/ubuntu/robotws/src/finalproject/build/finalproject/share/finalproject/hook/pythonpath_develop.ps1'
[1.212s] INFO:colcon.colcon_core.shell:Creating environment descriptor '/home/ubuntu/robotws/src/finalproject/build/finalproject/share/finalproject/hook/pythonpath_develop.dsv'
[1.212s] INFO:colcon.colcon_core.shell:Creating environment hook '/home/ubuntu/robotws/src/finalproject/build/finalproject/share/finalproject/hook/pythonpath_develop.sh'
[1.219s] Level 1:colcon.colcon_core.environment:checking '/home/ubuntu/robotws/src/finalproject/install/finalproject' for CMake module files
[1.220s] Level 1:colcon.colcon_core.environment:checking '/home/ubuntu/robotws/src/finalproject/install/finalproject' for CMake config files
[1.220s] Level 1:colcon.colcon_core.environment:checking '/home/ubuntu/robotws/src/finalproject/install/finalproject/lib'
[1.220s] Level 1:colcon.colcon_core.environment:checking '/home/ubuntu/robotws/src/finalproject/install/finalproject/bin'
[1.220s] Level 1:colcon.colcon_core.environment:checking '/home/ubuntu/robotws/src/finalproject/install/finalproject/lib/pkgconfig/finalproject.pc'
[1.220s] Level 1:colcon.colcon_core.environment:checking '/home/ubuntu/robotws/src/finalproject/install/finalproject/lib/python3.10/site-packages'
[1.220s] Level 1:colcon.colcon_core.shell:create_environment_hook('finalproject', 'pythonpath')
[1.226s] INFO:colcon.colcon_core.shell:Creating environment hook '/home/ubuntu/robotws/src/finalproject/install/finalproject/share/finalproject/hook/pythonpath.ps1'
[1.226s] INFO:colcon.colcon_core.shell:Creating environment descriptor '/home/ubuntu/robotws/src/finalproject/install/finalproject/share/finalproject/hook/pythonpath.dsv'
[1.227s] INFO:colcon.colcon_core.shell:Creating environment hook '/home/ubuntu/robotws/src/finalproject/install/finalproject/share/finalproject/hook/pythonpath.sh'
[1.227s] Level 1:colcon.colcon_core.environment:checking '/home/ubuntu/robotws/src/finalproject/install/finalproject/bin'
[1.227s] Level 1:colcon.colcon_core.environment:create_environment_scripts_only(finalproject)
[1.233s] INFO:colcon.colcon_core.shell:Creating package script '/home/ubuntu/robotws/src/finalproject/install/finalproject/share/finalproject/package.ps1'
[1.233s] INFO:colcon.colcon_core.shell:Creating package descriptor '/home/ubuntu/robotws/src/finalproject/install/finalproject/share/finalproject/package.dsv'
[1.234s] INFO:colcon.colcon_core.shell:Creating package script '/home/ubuntu/robotws/src/finalproject/install/finalproject/share/finalproject/package.sh'
[1.234s] INFO:colcon.colcon_core.shell:Creating package script '/home/ubuntu/robotws/src/finalproject/install/finalproject/share/finalproject/package.bash'
[1.234s] INFO:colcon.colcon_core.shell:Creating package script '/home/ubuntu/robotws/src/finalproject/install/finalproject/share/finalproject/package.zsh'
[1.235s] Level 1:colcon.colcon_core.environment:create_file_with_runtime_dependencies(/home/ubuntu/robotws/src/finalproject/install/finalproject/share/colcon-core/packages/finalproject)
[1.235s] DEBUG:colcon.colcon_parallel_executor.executor.parallel:closing loop
[1.235s] DEBUG:colcon.colcon_parallel_executor.executor.parallel:loop closed
[1.235s] DEBUG:colcon.colcon_parallel_executor.executor.parallel:run_until_complete finished with '0'
[1.235s] DEBUG:colcon.colcon_core.event_reactor:joining thread
[1.245s] INFO:colcon.colcon_core.plugin_system:Skipping extension 'colcon_notification.desktop_notification.terminal_notifier': Not used on non-Darwin systems
[1.245s] INFO:colcon.colcon_core.plugin_system:Skipping extension 'colcon_notification.desktop_notification.win32': Not used on non-Windows systems
[1.245s] INFO:colcon.colcon_notification.desktop_notification:Sending desktop notification using 'notify2'
[1.255s] DEBUG:colcon.colcon_core.event_reactor:joined thread
[1.262s] INFO:colcon.colcon_core.shell:Creating prefix script '/home/ubuntu/robotws/src/finalproject/install/local_setup.ps1'
[1.263s] INFO:colcon.colcon_core.shell:Creating prefix util module '/home/ubuntu/robotws/src/finalproject/install/_local_setup_util_ps1.py'
[1.263s] INFO:colcon.colcon_core.shell:Creating prefix chain script '/home/ubuntu/robotws/src/finalproject/install/setup.ps1'
[1.275s] INFO:colcon.colcon_core.shell:Creating prefix script '/home/ubuntu/robotws/src/finalproject/install/local_setup.sh'
[1.275s] INFO:colcon.colcon_core.shell:Creating prefix util module '/home/ubuntu/robotws/src/finalproject/install/_local_setup_util_sh.py'
[1.275s] INFO:colcon.colcon_core.shell:Creating prefix chain script '/home/ubuntu/robotws/src/finalproject/install/setup.sh'
[1.283s] INFO:colcon.colcon_core.shell:Creating prefix script '/home/ubuntu/robotws/src/finalproject/install/local_setup.bash'
[1.283s] INFO:colcon.colcon_core.shell:Creating prefix chain script '/home/ubuntu/robotws/src/finalproject/install/setup.bash'
[1.290s] INFO:colcon.colcon_core.shell:Creating prefix script '/home/ubuntu/robotws/src/finalproject/install/local_setup.zsh'
[1.290s] INFO:colcon.colcon_core.shell:Creating prefix chain script '/home/ubuntu/robotws/src/finalproject/install/setup.zsh'
