running develop
running egg_info
creating finalproject.egg-info
writing finalproject.egg-info/PKG-INFO
writing dependency_links to finalproject.egg-info/dependency_links.txt
writing entry points to finalproject.egg-info/entry_points.txt
writing requirements to finalproject.egg-info/requires.txt
writing top-level names to finalproject.egg-info/top_level.txt
writing manifest file 'finalproject.egg-info/SOURCES.txt'
reading manifest file 'finalproject.egg-info/SOURCES.txt'
writing manifest file 'finalproject.egg-info/SOURCES.txt'
running build_ext
Creating /home/ubuntu/robotws/src/finalproject/install/finalproject/lib/python3.10/site-packages/finalproject.egg-link (link to .)
Installing balldemo script to /home/ubuntu/robotws/src/finalproject/install/finalproject/lib/finalproject
Installing testrobot script to /home/ubuntu/robotws/src/finalproject/install/finalproject/lib/finalproject

Installed /home/ubuntu/robotws/src/finalproject/build/finalproject
running install_data
creating /home/ubuntu/robotws/src/finalproject/install/finalproject/share/ament_index
creating /home/ubuntu/robotws/src/finalproject/install/finalproject/share/ament_index/resource_index
creating /home/ubuntu/robotws/src/finalproject/install/finalproject/share/ament_index/resource_index/packages
copying resource/finalproject -> /home/ubuntu/robotws/src/finalproject/install/finalproject/share/ament_index/resource_index/packages
copying package.xml -> /home/ubuntu/robotws/src/finalproject/install/finalproject/share/finalproject
