[0.392s] Invoking command in '/home/ubuntu/robotws/src/finalproject/build/finalproject': PYTHONPATH=/home/ubuntu/robotws/src/finalproject/build/finalproject/prefix_override:/home/ubuntu/robotws/src/finalproject/install/finalproject/lib/python3.10/site-packages:${PYTHONPATH} /usr/bin/python3 setup.py develop --editable --build-directory /home/ubuntu/robotws/src/finalproject/build/finalproject/build --no-deps install_data
[0.522s] running develop
[0.523s] /usr/lib/python3/dist-packages/setuptools/command/easy_install.py:158: EasyInstallDeprecationWarning: easy_install command is deprecated. Use build and pip and other standards-based tools.
[0.523s]   warnings.warn(
[0.524s] /usr/lib/python3/dist-packages/setuptools/command/install.py:34: SetuptoolsDeprecationWarning: setup.py install is deprecated. Use build and pip and other standards-based tools.
[0.524s]   warnings.warn(
[0.605s] running egg_info
[0.605s] creating finalproject.egg-info
[0.605s] writing finalproject.egg-info/PKG-INFO
[0.605s] writing dependency_links to finalproject.egg-info/dependency_links.txt
[0.605s] writing entry points to finalproject.egg-info/entry_points.txt
[0.606s] writing requirements to finalproject.egg-info/requires.txt
[0.606s] writing top-level names to finalproject.egg-info/top_level.txt
[0.606s] writing manifest file 'finalproject.egg-info/SOURCES.txt'
[0.606s] reading manifest file 'finalproject.egg-info/SOURCES.txt'
[0.607s] writing manifest file 'finalproject.egg-info/SOURCES.txt'
[0.607s] running build_ext
[0.608s] Creating /home/ubuntu/robotws/src/finalproject/install/finalproject/lib/python3.10/site-packages/finalproject.egg-link (link to .)
[0.608s] Installing balldemo script to /home/ubuntu/robotws/src/finalproject/install/finalproject/lib/finalproject
[0.608s] Installing testrobot script to /home/ubuntu/robotws/src/finalproject/install/finalproject/lib/finalproject
[0.608s] 
[0.608s] Installed /home/ubuntu/robotws/src/finalproject/build/finalproject
[0.608s] running install_data
[0.608s] creating /home/ubuntu/robotws/src/finalproject/install/finalproject/share/ament_index
[0.608s] creating /home/ubuntu/robotws/src/finalproject/install/finalproject/share/ament_index/resource_index
[0.608s] creating /home/ubuntu/robotws/src/finalproject/install/finalproject/share/ament_index/resource_index/packages
[0.608s] copying resource/finalproject -> /home/ubuntu/robotws/src/finalproject/install/finalproject/share/ament_index/resource_index/packages
[0.608s] copying package.xml -> /home/ubuntu/robotws/src/finalproject/install/finalproject/share/finalproject
[0.621s] Invoked command in '/home/ubuntu/robotws/src/finalproject/build/finalproject' returned '0': PYTHONPATH=/home/ubuntu/robotws/src/finalproject/build/finalproject/prefix_override:/home/ubuntu/robotws/src/finalproject/install/finalproject/lib/python3.10/site-packages:${PYTHONPATH} /usr/bin/python3 setup.py develop --editable --build-directory /home/ubuntu/robotws/src/finalproject/build/finalproject/build --no-deps install_data
