[0.383s] Invoking command in '/home/ubuntu/robotws/src/finalproject/build/finalproject': PYTHONPATH=/home/ubuntu/robotws/src/finalproject/build/finalproject/prefix_override:/home/ubuntu/robotws/src/finalproject/install/finalproject/lib/python3.10/site-packages:${PYTHONPATH} /usr/bin/python3 setup.py develop --editable --build-directory /home/ubuntu/robotws/src/finalproject/build/finalproject/build --no-deps install_data
[0.512s] running develop
[0.512s] /usr/lib/python3/dist-packages/setuptools/command/easy_install.py:158: EasyInstallDeprecationWarning: easy_install command is deprecated. Use build and pip and other standards-based tools.
[0.512s]   warnings.warn(
[0.513s] /usr/lib/python3/dist-packages/setuptools/command/install.py:34: SetuptoolsDeprecationWarning: setup.py install is deprecated. Use build and pip and other standards-based tools.
[0.513s]   warnings.warn(
[0.595s] running egg_info
[0.596s] writing finalproject.egg-info/PKG-INFO
[0.596s] writing dependency_links to finalproject.egg-info/dependency_links.txt
[0.596s] writing entry points to finalproject.egg-info/entry_points.txt
[0.596s] writing requirements to finalproject.egg-info/requires.txt
[0.596s] writing top-level names to finalproject.egg-info/top_level.txt
[0.597s] reading manifest file 'finalproject.egg-info/SOURCES.txt'
[0.597s] writing manifest file 'finalproject.egg-info/SOURCES.txt'
[0.598s] running build_ext
[0.598s] Creating /home/ubuntu/robotws/src/finalproject/install/finalproject/lib/python3.10/site-packages/finalproject.egg-link (link to .)
[0.599s] Installing balldemo script to /home/ubuntu/robotws/src/finalproject/install/finalproject/lib/finalproject
[0.599s] Installing testrobot script to /home/ubuntu/robotws/src/finalproject/install/finalproject/lib/finalproject
[0.599s] 
[0.599s] Installed /home/ubuntu/robotws/src/finalproject/build/finalproject
[0.599s] running install_data
[0.612s] Invoked command in '/home/ubuntu/robotws/src/finalproject/build/finalproject' returned '0': PYTHONPATH=/home/ubuntu/robotws/src/finalproject/build/finalproject/prefix_override:/home/ubuntu/robotws/src/finalproject/install/finalproject/lib/python3.10/site-packages:${PYTHONPATH} /usr/bin/python3 setup.py develop --editable --build-directory /home/ubuntu/robotws/src/finalproject/build/finalproject/build --no-deps install_data
